{"/home/runner/work/mesh-data-gateway/mesh-data-gateway/apps/web-client/src/App.tsx": {"path":"/home/runner/work/mesh-data-gateway/mesh-data-gateway/apps/web-client/src/App.tsx","all":false,"statementMap":{"0":{"start":{"line":1,"column":0},"end":{"line":1,"column":52}},"6":{"start":{"line":7,"column":0},"end":{"line":7,"column":40}},"7":{"start":{"line":8,"column":0},"end":{"line":8,"column":30}},"8":{"start":{"line":9,"column":0},"end":{"line":9,"column":30}},"9":{"start":{"line":10,"column":0},"end":{"line":10,"column":33}},"10":{"start":{"line":11,"column":0},"end":{"line":11,"column":30}},"11":{"start":{"line":12,"column":0},"end":{"line":12,"column":1}},"13":{"start":{"line":14,"column":0},"end":{"line":14,"column":55}},"14":{"start":{"line":15,"column":0},"end":{"line":15,"column":30}},"15":{"start":{"line":16,"column":0},"end":{"line":16,"column":39}},"16":{"start":{"line":17,"column":0},"end":{"line":17,"column":41}},"17":{"start":{"line":18,"column":0},"end":{"line":18,"column":34}},"18":{"start":{"line":19,"column":0},"end":{"line":19,"column":1}},"26":{"start":{"line":27,"column":0},"end":{"line":27,"column":31}},"27":{"start":{"line":28,"column":0},"end":{"line":28,"column":54}},"28":{"start":{"line":29,"column":0},"end":{"line":29,"column":70}},"29":{"start":{"line":30,"column":0},"end":{"line":30,"column":70}},"30":{"start":{"line":31,"column":0},"end":{"line":31,"column":62}},"32":{"start":{"line":33,"column":0},"end":{"line":33,"column":67}},"33":{"start":{"line":34,"column":0},"end":{"line":34,"column":44}},"34":{"start":{"line":35,"column":0},"end":{"line":35,"column":60}},"35":{"start":{"line":36,"column":0},"end":{"line":36,"column":88}},"36":{"start":{"line":37,"column":0},"end":{"line":37,"column":56}},"38":{"start":{"line":39,"column":0},"end":{"line":39,"column":19}},"39":{"start":{"line":40,"column":0},"end":{"line":40,"column":28}},"40":{"start":{"line":41,"column":0},"end":{"line":41,"column":37}},"41":{"start":{"line":42,"column":0},"end":{"line":42,"column":49}},"42":{"start":{"line":43,"column":0},"end":{"line":43,"column":27}},"44":{"start":{"line":45,"column":0},"end":{"line":45,"column":92}},"45":{"start":{"line":46,"column":0},"end":{"line":46,"column":11}},"46":{"start":{"line":47,"column":0},"end":{"line":47,"column":69}},"47":{"start":{"line":48,"column":0},"end":{"line":48,"column":38}},"48":{"start":{"line":49,"column":0},"end":{"line":49,"column":57}},"49":{"start":{"line":50,"column":0},"end":{"line":50,"column":21}},"50":{"start":{"line":51,"column":0},"end":{"line":51,"column":95}},"51":{"start":{"line":52,"column":0},"end":{"line":52,"column":11}},"52":{"start":{"line":53,"column":0},"end":{"line":53,"column":10}},"53":{"start":{"line":54,"column":0},"end":{"line":54,"column":6}},"54":{"start":{"line":55,"column":0},"end":{"line":55,"column":44}},"56":{"start":{"line":57,"column":0},"end":{"line":57,"column":19}},"57":{"start":{"line":58,"column":0},"end":{"line":58,"column":53}},"58":{"start":{"line":59,"column":0},"end":{"line":59,"column":28}},"59":{"start":{"line":60,"column":0},"end":{"line":60,"column":54}},"60":{"start":{"line":61,"column":0},"end":{"line":61,"column":64}},"61":{"start":{"line":62,"column":0},"end":{"line":62,"column":5}},"63":{"start":{"line":64,"column":0},"end":{"line":64,"column":73}},"64":{"start":{"line":65,"column":0},"end":{"line":65,"column":18}},"65":{"start":{"line":66,"column":0},"end":{"line":66,"column":78}},"66":{"start":{"line":67,"column":0},"end":{"line":67,"column":5}},"67":{"start":{"line":68,"column":0},"end":{"line":68,"column":8}},"69":{"start":{"line":70,"column":0},"end":{"line":70,"column":28}},"70":{"start":{"line":71,"column":0},"end":{"line":71,"column":26}},"71":{"start":{"line":72,"column":0},"end":{"line":72,"column":12}},"72":{"start":{"line":73,"column":0},"end":{"line":73,"column":5}},"74":{"start":{"line":75,"column":0},"end":{"line":75,"column":49}},"75":{"start":{"line":76,"column":0},"end":{"line":76,"column":62}},"76":{"start":{"line":77,"column":0},"end":{"line":77,"column":33}},"77":{"start":{"line":78,"column":0},"end":{"line":78,"column":33}},"78":{"start":{"line":79,"column":0},"end":{"line":79,"column":5}},"79":{"start":{"line":80,"column":0},"end":{"line":80,"column":18}},"80":{"start":{"line":81,"column":0},"end":{"line":81,"column":3}},"82":{"start":{"line":83,"column":0},"end":{"line":83,"column":34}},"83":{"start":{"line":84,"column":0},"end":{"line":84,"column":25}},"84":{"start":{"line":85,"column":0},"end":{"line":85,"column":92}},"85":{"start":{"line":86,"column":0},"end":{"line":86,"column":12}},"86":{"start":{"line":87,"column":0},"end":{"line":87,"column":5}},"88":{"start":{"line":89,"column":0},"end":{"line":89,"column":32}},"89":{"start":{"line":90,"column":0},"end":{"line":90,"column":49}},"90":{"start":{"line":91,"column":0},"end":{"line":91,"column":21}},"91":{"start":{"line":92,"column":0},"end":{"line":92,"column":35}},"92":{"start":{"line":93,"column":0},"end":{"line":93,"column":33}},"93":{"start":{"line":94,"column":0},"end":{"line":94,"column":69}},"94":{"start":{"line":95,"column":0},"end":{"line":95,"column":5}},"95":{"start":{"line":96,"column":0},"end":{"line":96,"column":26}},"96":{"start":{"line":97,"column":0},"end":{"line":97,"column":3}},"98":{"start":{"line":99,"column":0},"end":{"line":99,"column":10}},"99":{"start":{"line":100,"column":0},"end":{"line":100,"column":27}},"100":{"start":{"line":101,"column":0},"end":{"line":101,"column":32}},"101":{"start":{"line":102,"column":0},"end":{"line":102,"column":34}},"102":{"start":{"line":103,"column":0},"end":{"line":103,"column":37}},"104":{"start":{"line":105,"column":0},"end":{"line":105,"column":12}},"105":{"start":{"line":106,"column":0},"end":{"line":106,"column":33}},"106":{"start":{"line":107,"column":0},"end":{"line":107,"column":66}},"108":{"start":{"line":109,"column":0},"end":{"line":109,"column":19}},"109":{"start":{"line":110,"column":0},"end":{"line":110,"column":91}},"110":{"start":{"line":111,"column":0},"end":{"line":111,"column":14}},"111":{"start":{"line":112,"column":0},"end":{"line":112,"column":69}},"112":{"start":{"line":113,"column":0},"end":{"line":113,"column":16}},"114":{"start":{"line":115,"column":0},"end":{"line":115,"column":33}},"115":{"start":{"line":116,"column":0},"end":{"line":116,"column":17}},"116":{"start":{"line":117,"column":0},"end":{"line":117,"column":32}},"117":{"start":{"line":118,"column":0},"end":{"line":118,"column":64}},"118":{"start":{"line":119,"column":0},"end":{"line":119,"column":18}},"119":{"start":{"line":120,"column":0},"end":{"line":120,"column":17}},"120":{"start":{"line":121,"column":0},"end":{"line":121,"column":34}},"121":{"start":{"line":122,"column":0},"end":{"line":122,"column":92}},"122":{"start":{"line":123,"column":0},"end":{"line":123,"column":18}},"123":{"start":{"line":124,"column":0},"end":{"line":124,"column":17}},"124":{"start":{"line":125,"column":0},"end":{"line":125,"column":28}},"125":{"start":{"line":126,"column":0},"end":{"line":126,"column":93}},"126":{"start":{"line":127,"column":0},"end":{"line":127,"column":18}},"127":{"start":{"line":128,"column":0},"end":{"line":128,"column":16}},"129":{"start":{"line":130,"column":0},"end":{"line":130,"column":35}},"130":{"start":{"line":131,"column":0},"end":{"line":131,"column":37}},"132":{"start":{"line":133,"column":0},"end":{"line":133,"column":62}},"133":{"start":{"line":134,"column":0},"end":{"line":134,"column":15}},"134":{"start":{"line":135,"column":0},"end":{"line":135,"column":29}},"135":{"start":{"line":136,"column":0},"end":{"line":136,"column":25}},"136":{"start":{"line":137,"column":0},"end":{"line":137,"column":70}},"138":{"start":{"line":139,"column":0},"end":{"line":139,"column":56}},"139":{"start":{"line":140,"column":0},"end":{"line":140,"column":48}},"140":{"start":{"line":141,"column":0},"end":{"line":141,"column":21}},"141":{"start":{"line":142,"column":0},"end":{"line":142,"column":21}},"142":{"start":{"line":143,"column":0},"end":{"line":143,"column":13}},"143":{"start":{"line":144,"column":0},"end":{"line":144,"column":17}},"145":{"start":{"line":146,"column":0},"end":{"line":146,"column":54}},"146":{"start":{"line":147,"column":0},"end":{"line":147,"column":17}},"147":{"start":{"line":148,"column":0},"end":{"line":148,"column":28}},"148":{"start":{"line":149,"column":0},"end":{"line":149,"column":25}},"149":{"start":{"line":150,"column":0},"end":{"line":150,"column":62}},"150":{"start":{"line":151,"column":0},"end":{"line":151,"column":10}},"152":{"start":{"line":153,"column":0},"end":{"line":153,"column":58}},"154":{"start":{"line":155,"column":0},"end":{"line":155,"column":17}},"156":{"start":{"line":157,"column":0},"end":{"line":157,"column":17}},"157":{"start":{"line":158,"column":0},"end":{"line":158,"column":27}},"158":{"start":{"line":159,"column":0},"end":{"line":159,"column":14}},"159":{"start":{"line":160,"column":0},"end":{"line":160,"column":43}},"160":{"start":{"line":161,"column":0},"end":{"line":161,"column":67}},"161":{"start":{"line":162,"column":0},"end":{"line":162,"column":15}},"162":{"start":{"line":163,"column":0},"end":{"line":163,"column":15}},"163":{"start":{"line":164,"column":0},"end":{"line":164,"column":18}},"164":{"start":{"line":165,"column":0},"end":{"line":165,"column":16}},"165":{"start":{"line":166,"column":0},"end":{"line":166,"column":11}},"167":{"start":{"line":168,"column":0},"end":{"line":168,"column":1}}},"s":{"0":1,"6":1,"7":1,"8":1,"9":1,"10":1,"11":1,"13":1,"14":1,"15":1,"16":1,"17":1,"18":1,"26":19,"27":19,"28":19,"29":19,"30":19,"32":19,"33":19,"34":19,"35":19,"36":19,"38":19,"39":7,"40":7,"41":3,"42":3,"44":2,"45":2,"46":2,"47":2,"48":3,"49":3,"50":2,"51":2,"52":2,"53":7,"54":19,"56":19,"57":7,"58":2,"59":2,"60":2,"61":2,"63":7,"64":7,"65":7,"66":7,"67":19,"69":19,"70":3,"71":1,"72":1,"74":2,"75":2,"76":3,"77":3,"78":3,"79":2,"80":3,"82":19,"83":3,"84":1,"85":1,"86":1,"88":2,"89":2,"90":2,"91":2,"92":1,"93":1,"94":3,"95":3,"96":3,"98":19,"99":19,"100":19,"101":19,"102":19,"104":19,"105":19,"106":19,"108":19,"109":19,"110":19,"111":19,"112":19,"114":19,"115":19,"116":19,"117":19,"118":19,"119":19,"120":19,"121":19,"122":19,"123":19,"124":19,"125":19,"126":19,"127":19,"129":19,"130":19,"132":19,"133":19,"134":19,"135":19,"136":19,"138":19,"139":76,"140":76,"141":76,"142":19,"143":19,"145":19,"146":19,"147":19,"148":19,"149":19,"150":19,"152":19,"154":19,"156":19,"157":19,"158":19,"159":19,"160":4,"161":19,"162":19,"163":19,"164":19,"165":19,"167":19},"branchMap":{"0":{"type":"branch","line":27,"loc":{"start":{"line":27,"column":0},"end":{"line":168,"column":1}},"locations":[{"start":{"line":27,"column":0},"end":{"line":168,"column":1}}]},"1":{"type":"branch","line":112,"loc":{"start":{"line":112,"column":9},"end":{"line":112,"column":64}},"locations":[{"start":{"line":112,"column":9},"end":{"line":112,"column":64}}]},"2":{"type":"branch","line":112,"loc":{"start":{"line":112,"column":57},"end":{"line":112,"column":69}},"locations":[{"start":{"line":112,"column":57},"end":{"line":112,"column":69}}]},"3":{"type":"branch","line":28,"loc":{"start":{"line":28,"column":24},"end":{"line":28,"column":51}},"locations":[{"start":{"line":28,"column":24},"end":{"line":28,"column":51}}]},"4":{"type":"branch","line":29,"loc":{"start":{"line":29,"column":27},"end":{"line":29,"column":62}},"locations":[{"start":{"line":29,"column":27},"end":{"line":29,"column":62}}]},"5":{"type":"branch","line":30,"loc":{"start":{"line":30,"column":27},"end":{"line":30,"column":62}},"locations":[{"start":{"line":30,"column":27},"end":{"line":30,"column":62}}]},"6":{"type":"branch","line":31,"loc":{"start":{"line":31,"column":28},"end":{"line":31,"column":59}},"locations":[{"start":{"line":31,"column":28},"end":{"line":31,"column":59}}]},"7":{"type":"branch","line":39,"loc":{"start":{"line":39,"column":12},"end":{"line":55,"column":5}},"locations":[{"start":{"line":39,"column":12},"end":{"line":55,"column":5}}]},"8":{"type":"branch","line":41,"loc":{"start":{"line":41,"column":24},"end":{"line":54,"column":5}},"locations":[{"start":{"line":41,"column":24},"end":{"line":54,"column":5}}]},"9":{"type":"branch","line":43,"loc":{"start":{"line":43,"column":21},"end":{"line":43,"column":27}},"locations":[{"start":{"line":43,"column":21},"end":{"line":43,"column":27}}]},"10":{"type":"branch","line":43,"loc":{"start":{"line":43,"column":21},"end":{"line":53,"column":10}},"locations":[{"start":{"line":43,"column":21},"end":{"line":53,"column":10}}]},"11":{"type":"branch","line":48,"loc":{"start":{"line":48,"column":17},"end":{"line":53,"column":9}},"locations":[{"start":{"line":48,"column":17},"end":{"line":53,"column":9}}]},"12":{"type":"branch","line":50,"loc":{"start":{"line":50,"column":20},"end":{"line":52,"column":11}},"locations":[{"start":{"line":50,"column":20},"end":{"line":52,"column":11}}]},"13":{"type":"branch","line":51,"loc":{"start":{"line":51,"column":24},"end":{"line":51,"column":94}},"locations":[{"start":{"line":51,"column":24},"end":{"line":51,"column":94}}]},"14":{"type":"branch","line":57,"loc":{"start":{"line":57,"column":12},"end":{"line":68,"column":5}},"locations":[{"start":{"line":57,"column":12},"end":{"line":68,"column":5}}]},"15":{"type":"branch","line":58,"loc":{"start":{"line":58,"column":34},"end":{"line":62,"column":5}},"locations":[{"start":{"line":58,"column":34},"end":{"line":62,"column":5}}]},"16":{"type":"branch","line":65,"loc":{"start":{"line":65,"column":11},"end":{"line":67,"column":5}},"locations":[{"start":{"line":65,"column":11},"end":{"line":67,"column":5}}]},"17":{"type":"branch","line":70,"loc":{"start":{"line":70,"column":15},"end":{"line":81,"column":3}},"locations":[{"start":{"line":70,"column":15},"end":{"line":81,"column":3}}]},"18":{"type":"branch","line":71,"loc":{"start":{"line":71,"column":25},"end":{"line":73,"column":5}},"locations":[{"start":{"line":71,"column":25},"end":{"line":73,"column":5}}]},"19":{"type":"branch","line":73,"loc":{"start":{"line":73,"column":4},"end":{"line":77,"column":32}},"locations":[{"start":{"line":73,"column":4},"end":{"line":77,"column":32}}]},"20":{"type":"branch","line":79,"loc":{"start":{"line":79,"column":4},"end":{"line":80,"column":18}},"locations":[{"start":{"line":79,"column":4},"end":{"line":80,"column":18}}]},"21":{"type":"branch","line":83,"loc":{"start":{"line":83,"column":21},"end":{"line":97,"column":3}},"locations":[{"start":{"line":83,"column":21},"end":{"line":97,"column":3}}]},"22":{"type":"branch","line":84,"loc":{"start":{"line":84,"column":24},"end":{"line":87,"column":5}},"locations":[{"start":{"line":84,"column":24},"end":{"line":87,"column":5}}]},"23":{"type":"branch","line":87,"loc":{"start":{"line":87,"column":4},"end":{"line":92,"column":35}},"locations":[{"start":{"line":87,"column":4},"end":{"line":92,"column":35}}]},"24":{"type":"branch","line":92,"loc":{"start":{"line":92,"column":25},"end":{"line":93,"column":33}},"locations":[{"start":{"line":92,"column":25},"end":{"line":93,"column":33}}]},"25":{"type":"branch","line":93,"loc":{"start":{"line":93,"column":10},"end":{"line":94,"column":69}},"locations":[{"start":{"line":93,"column":10},"end":{"line":94,"column":69}}]},"26":{"type":"branch","line":107,"loc":{"start":{"line":107,"column":41},"end":{"line":107,"column":66}},"locations":[{"start":{"line":107,"column":41},"end":{"line":107,"column":66}}]},"27":{"type":"branch","line":137,"loc":{"start":{"line":137,"column":20},"end":{"line":137,"column":70}},"locations":[{"start":{"line":137,"column":20},"end":{"line":137,"column":70}}]},"28":{"type":"branch","line":139,"loc":{"start":{"line":139,"column":38},"end":{"line":142,"column":21}},"locations":[{"start":{"line":139,"column":38},"end":{"line":142,"column":21}}]},"29":{"type":"branch","line":150,"loc":{"start":{"line":150,"column":20},"end":{"line":150,"column":62}},"locations":[{"start":{"line":150,"column":20},"end":{"line":150,"column":62}}]},"30":{"type":"branch","line":153,"loc":{"start":{"line":153,"column":39},"end":{"line":153,"column":58}},"locations":[{"start":{"line":153,"column":39},"end":{"line":153,"column":58}}]},"31":{"type":"branch","line":160,"loc":{"start":{"line":160,"column":26},"end":{"line":161,"column":67}},"locations":[{"start":{"line":160,"column":26},"end":{"line":161,"column":67}}]}},"b":{"0":[19],"1":[5],"2":[14],"3":[7],"4":[7],"5":[7],"6":[7],"7":[7],"8":[3],"9":[1],"10":[2],"11":[3],"12":[2],"13":[2],"14":[7],"15":[2],"16":[7],"17":[3],"18":[1],"19":[2],"20":[2],"21":[3],"22":[1],"23":[2],"24":[1],"25":[1],"26":[3],"27":[2],"28":[76],"29":[2],"30":[3],"31":[4]},"fnMap":{"0":{"name":"App","decl":{"start":{"line":27,"column":0},"end":{"line":168,"column":1}},"loc":{"start":{"line":27,"column":0},"end":{"line":168,"column":1}},"line":27},"1":{"name":"onBeforeInstallPrompt","decl":{"start":{"line":58,"column":34},"end":{"line":62,"column":5}},"loc":{"start":{"line":58,"column":34},"end":{"line":62,"column":5}},"line":58},"2":{"name":"send","decl":{"start":{"line":70,"column":15},"end":{"line":81,"column":3}},"loc":{"start":{"line":70,"column":15},"end":{"line":81,"column":3}},"line":70},"3":{"name":"installApp","decl":{"start":{"line":83,"column":21},"end":{"line":97,"column":3}},"loc":{"start":{"line":83,"column":21},"end":{"line":97,"column":3}},"line":83},"4":{"name":"onClick","decl":{"start":{"line":107,"column":41},"end":{"line":107,"column":66}},"loc":{"start":{"line":107,"column":41},"end":{"line":107,"column":66}},"line":107},"5":{"name":"onChange","decl":{"start":{"line":137,"column":20},"end":{"line":137,"column":70}},"loc":{"start":{"line":137,"column":20},"end":{"line":137,"column":70}},"line":137},"6":{"name":"onChange","decl":{"start":{"line":150,"column":20},"end":{"line":150,"column":62}},"loc":{"start":{"line":150,"column":20},"end":{"line":150,"column":62}},"line":150},"7":{"name":"onClick","decl":{"start":{"line":153,"column":39},"end":{"line":153,"column":58}},"loc":{"start":{"line":153,"column":39},"end":{"line":153,"column":58}},"line":153}},"f":{"0":19,"1":2,"2":3,"3":3,"4":3,"5":2,"6":2,"7":3}}
,"/home/runner/work/mesh-data-gateway/mesh-data-gateway/apps/web-client/src/lib/protocol.ts": {"path":"/home/runner/work/mesh-data-gateway/mesh-data-gateway/apps/web-client/src/lib/protocol.ts","all":false,"statementMap":{"0":{"start":{"line":1,"column":0},"end":{"line":1,"column":34}},"1":{"start":{"line":2,"column":0},"end":{"line":2,"column":28}},"2":{"start":{"line":3,"column":0},"end":{"line":3,"column":61}},"4":{"start":{"line":5,"column":0},"end":{"line":5,"column":21}},"5":{"start":{"line":6,"column":0},"end":{"line":6,"column":19}},"6":{"start":{"line":7,"column":0},"end":{"line":7,"column":20}},"7":{"start":{"line":8,"column":0},"end":{"line":8,"column":18}},"8":{"start":{"line":9,"column":0},"end":{"line":9,"column":20}},"33":{"start":{"line":34,"column":0},"end":{"line":34,"column":28}},"34":{"start":{"line":35,"column":0},"end":{"line":35,"column":42}},"35":{"start":{"line":36,"column":0},"end":{"line":36,"column":42}},"37":{"start":{"line":38,"column":0},"end":{"line":38,"column":38}},"38":{"start":{"line":39,"column":0},"end":{"line":39,"column":32}},"39":{"start":{"line":40,"column":0},"end":{"line":40,"column":3}},"41":{"start":{"line":42,"column":0},"end":{"line":42,"column":40}},"42":{"start":{"line":43,"column":0},"end":{"line":43,"column":32}},"43":{"start":{"line":44,"column":0},"end":{"line":44,"column":3}},"45":{"start":{"line":46,"column":0},"end":{"line":46,"column":87}},"46":{"start":{"line":47,"column":0},"end":{"line":47,"column":39}},"47":{"start":{"line":48,"column":0},"end":{"line":48,"column":53}},"48":{"start":{"line":49,"column":0},"end":{"line":49,"column":5}},"49":{"start":{"line":50,"column":0},"end":{"line":50,"column":43}},"50":{"start":{"line":51,"column":0},"end":{"line":51,"column":55}},"51":{"start":{"line":52,"column":0},"end":{"line":52,"column":5}},"53":{"start":{"line":54,"column":0},"end":{"line":54,"column":49}},"54":{"start":{"line":55,"column":0},"end":{"line":55,"column":40}},"55":{"start":{"line":56,"column":0},"end":{"line":56,"column":89}},"56":{"start":{"line":57,"column":0},"end":{"line":57,"column":77}},"57":{"start":{"line":58,"column":0},"end":{"line":58,"column":9}},"58":{"start":{"line":59,"column":0},"end":{"line":59,"column":26}},"60":{"start":{"line":61,"column":0},"end":{"line":61,"column":43}},"61":{"start":{"line":62,"column":0},"end":{"line":62,"column":85}},"62":{"start":{"line":63,"column":0},"end":{"line":63,"column":65}},"63":{"start":{"line":64,"column":0},"end":{"line":64,"column":24}},"64":{"start":{"line":65,"column":0},"end":{"line":65,"column":36}},"65":{"start":{"line":66,"column":0},"end":{"line":66,"column":19}},"66":{"start":{"line":67,"column":0},"end":{"line":67,"column":6}},"67":{"start":{"line":68,"column":0},"end":{"line":68,"column":3}},"69":{"start":{"line":70,"column":0},"end":{"line":70,"column":51}},"70":{"start":{"line":71,"column":0},"end":{"line":71,"column":38}},"71":{"start":{"line":72,"column":0},"end":{"line":72,"column":56}},"72":{"start":{"line":73,"column":0},"end":{"line":73,"column":5}},"74":{"start":{"line":75,"column":0},"end":{"line":75,"column":29}},"75":{"start":{"line":76,"column":0},"end":{"line":76,"column":31}},"76":{"start":{"line":77,"column":0},"end":{"line":77,"column":32}},"77":{"start":{"line":78,"column":0},"end":{"line":78,"column":33}},"79":{"start":{"line":80,"column":0},"end":{"line":80,"column":25}},"80":{"start":{"line":81,"column":0},"end":{"line":81,"column":48}},"81":{"start":{"line":82,"column":0},"end":{"line":82,"column":5}},"82":{"start":{"line":83,"column":0},"end":{"line":83,"column":26}},"83":{"start":{"line":84,"column":0},"end":{"line":84,"column":49}},"84":{"start":{"line":85,"column":0},"end":{"line":85,"column":5}},"85":{"start":{"line":86,"column":0},"end":{"line":86,"column":35}},"86":{"start":{"line":87,"column":0},"end":{"line":87,"column":61}},"87":{"start":{"line":88,"column":0},"end":{"line":88,"column":5}},"89":{"start":{"line":90,"column":0},"end":{"line":90,"column":50}},"90":{"start":{"line":91,"column":0},"end":{"line":91,"column":12}},"91":{"start":{"line":92,"column":0},"end":{"line":92,"column":14}},"92":{"start":{"line":93,"column":0},"end":{"line":93,"column":16}},"93":{"start":{"line":94,"column":0},"end":{"line":94,"column":17}},"94":{"start":{"line":95,"column":0},"end":{"line":95,"column":18}},"95":{"start":{"line":96,"column":0},"end":{"line":96,"column":19}},"96":{"start":{"line":97,"column":0},"end":{"line":97,"column":49}},"97":{"start":{"line":98,"column":0},"end":{"line":98,"column":5}},"98":{"start":{"line":99,"column":0},"end":{"line":99,"column":3}},"99":{"start":{"line":100,"column":0},"end":{"line":100,"column":1}},"101":{"start":{"line":102,"column":0},"end":{"line":102,"column":31}},"102":{"start":{"line":103,"column":0},"end":{"line":103,"column":62}},"104":{"start":{"line":105,"column":0},"end":{"line":105,"column":14}},"105":{"start":{"line":106,"column":0},"end":{"line":106,"column":42}},"106":{"start":{"line":107,"column":0},"end":{"line":107,"column":41}},"107":{"start":{"line":108,"column":0},"end":{"line":108,"column":67}},"108":{"start":{"line":109,"column":0},"end":{"line":109,"column":6}},"110":{"start":{"line":111,"column":0},"end":{"line":111,"column":60}},"111":{"start":{"line":112,"column":0},"end":{"line":112,"column":51}},"112":{"start":{"line":113,"column":0},"end":{"line":113,"column":57}},"113":{"start":{"line":114,"column":0},"end":{"line":114,"column":42}},"115":{"start":{"line":116,"column":0},"end":{"line":116,"column":20}},"116":{"start":{"line":117,"column":0},"end":{"line":117,"column":29}},"117":{"start":{"line":118,"column":0},"end":{"line":118,"column":41}},"118":{"start":{"line":119,"column":0},"end":{"line":119,"column":70}},"119":{"start":{"line":120,"column":0},"end":{"line":120,"column":32}},"120":{"start":{"line":121,"column":0},"end":{"line":121,"column":8}},"121":{"start":{"line":122,"column":0},"end":{"line":122,"column":38}},"122":{"start":{"line":123,"column":0},"end":{"line":123,"column":73}},"123":{"start":{"line":124,"column":0},"end":{"line":124,"column":14}},"124":{"start":{"line":125,"column":0},"end":{"line":125,"column":5}},"126":{"start":{"line":127,"column":0},"end":{"line":127,"column":55}},"127":{"start":{"line":128,"column":0},"end":{"line":128,"column":71}},"128":{"start":{"line":129,"column":0},"end":{"line":129,"column":5}},"130":{"start":{"line":131,"column":0},"end":{"line":131,"column":65}},"131":{"start":{"line":132,"column":0},"end":{"line":132,"column":56}},"132":{"start":{"line":133,"column":0},"end":{"line":133,"column":17}},"133":{"start":{"line":134,"column":0},"end":{"line":134,"column":5}},"135":{"start":{"line":136,"column":0},"end":{"line":136,"column":74}},"136":{"start":{"line":137,"column":0},"end":{"line":137,"column":3}},"138":{"start":{"line":139,"column":0},"end":{"line":139,"column":25}},"139":{"start":{"line":140,"column":0},"end":{"line":140,"column":28}},"140":{"start":{"line":141,"column":0},"end":{"line":141,"column":45}},"141":{"start":{"line":142,"column":0},"end":{"line":142,"column":77}},"142":{"start":{"line":143,"column":0},"end":{"line":143,"column":26}},"144":{"start":{"line":145,"column":0},"end":{"line":145,"column":52}},"145":{"start":{"line":146,"column":0},"end":{"line":146,"column":23}},"146":{"start":{"line":147,"column":0},"end":{"line":147,"column":3}},"148":{"start":{"line":149,"column":0},"end":{"line":149,"column":98}},"149":{"start":{"line":150,"column":0},"end":{"line":150,"column":42}},"151":{"start":{"line":152,"column":0},"end":{"line":152,"column":35}},"152":{"start":{"line":153,"column":0},"end":{"line":153,"column":71}},"153":{"start":{"line":154,"column":0},"end":{"line":154,"column":47}},"154":{"start":{"line":155,"column":0},"end":{"line":155,"column":51}},"155":{"start":{"line":156,"column":0},"end":{"line":156,"column":5}},"157":{"start":{"line":158,"column":0},"end":{"line":158,"column":18}},"158":{"start":{"line":159,"column":0},"end":{"line":159,"column":55}},"159":{"start":{"line":160,"column":0},"end":{"line":160,"column":42}},"160":{"start":{"line":161,"column":0},"end":{"line":161,"column":32}},"161":{"start":{"line":162,"column":0},"end":{"line":162,"column":28}},"162":{"start":{"line":163,"column":0},"end":{"line":163,"column":5}},"164":{"start":{"line":165,"column":0},"end":{"line":165,"column":28}},"165":{"start":{"line":166,"column":0},"end":{"line":166,"column":12}},"166":{"start":{"line":167,"column":0},"end":{"line":167,"column":14}},"167":{"start":{"line":168,"column":0},"end":{"line":168,"column":16}},"168":{"start":{"line":169,"column":0},"end":{"line":169,"column":39}},"169":{"start":{"line":170,"column":0},"end":{"line":170,"column":50}},"170":{"start":{"line":171,"column":0},"end":{"line":171,"column":5}},"171":{"start":{"line":172,"column":0},"end":{"line":172,"column":3}},"172":{"start":{"line":173,"column":0},"end":{"line":173,"column":1}}},"s":{"0":1,"1":1,"2":1,"4":1,"5":1,"6":1,"7":1,"8":1,"33":1,"34":14,"35":14,"37":1,"38":10,"39":10,"41":1,"42":19,"43":19,"45":1,"46":12,"47":1,"48":1,"49":12,"50":1,"51":1,"53":10,"54":10,"55":9,"56":15,"57":9,"58":1,"60":12,"61":16,"62":16,"63":16,"64":16,"65":16,"66":12,"67":12,"69":1,"70":18,"71":1,"72":1,"74":17,"75":17,"76":17,"77":17,"79":18,"80":1,"81":1,"82":18,"83":1,"84":1,"85":18,"86":1,"87":1,"89":14,"90":14,"91":14,"92":14,"93":14,"94":14,"95":14,"96":14,"97":14,"98":18,"99":1,"101":1,"102":1,"104":1,"105":17,"106":17,"107":17,"108":17,"110":1,"111":12,"112":12,"113":12,"115":12,"116":7,"117":7,"118":7,"119":7,"120":7,"121":7,"122":2,"123":5,"124":7,"126":12,"127":1,"128":1,"130":4,"131":12,"132":1,"133":1,"135":3,"136":12,"138":1,"139":1,"140":1,"141":1,"142":1,"144":1,"145":1,"146":1,"148":1,"149":5,"151":5,"152":5,"153":5,"154":5,"155":5,"157":5,"158":5,"159":9,"160":9,"161":9,"162":9,"164":5,"165":5,"166":5,"167":5,"168":5,"169":5,"170":5,"171":5,"172":1},"branchMap":{"0":{"type":"branch","line":5,"loc":{"start":{"line":5,"column":7},"end":{"line":5,"column":21}},"locations":[{"start":{"line":5,"column":7},"end":{"line":5,"column":21}}]},"1":{"type":"branch","line":34,"loc":{"start":{"line":34,"column":7},"end":{"line":36,"column":42}},"locations":[{"start":{"line":34,"column":7},"end":{"line":36,"column":42}}]},"2":{"type":"branch","line":38,"loc":{"start":{"line":38,"column":2},"end":{"line":40,"column":3}},"locations":[{"start":{"line":38,"column":2},"end":{"line":40,"column":3}}]},"3":{"type":"branch","line":42,"loc":{"start":{"line":42,"column":2},"end":{"line":44,"column":3}},"locations":[{"start":{"line":42,"column":2},"end":{"line":44,"column":3}}]},"4":{"type":"branch","line":46,"loc":{"start":{"line":46,"column":2},"end":{"line":68,"column":3}},"locations":[{"start":{"line":46,"column":2},"end":{"line":68,"column":3}}]},"5":{"type":"branch","line":47,"loc":{"start":{"line":47,"column":38},"end":{"line":49,"column":5}},"locations":[{"start":{"line":47,"column":38},"end":{"line":49,"column":5}}]},"6":{"type":"branch","line":49,"loc":{"start":{"line":49,"column":4},"end":{"line":50,"column":42}},"locations":[{"start":{"line":49,"column":4},"end":{"line":50,"column":42}}]},"7":{"type":"branch","line":50,"loc":{"start":{"line":50,"column":42},"end":{"line":52,"column":5}},"locations":[{"start":{"line":50,"column":42},"end":{"line":52,"column":5}}]},"8":{"type":"branch","line":52,"loc":{"start":{"line":52,"column":4},"end":{"line":55,"column":40}},"locations":[{"start":{"line":52,"column":4},"end":{"line":55,"column":40}}]},"9":{"type":"branch","line":55,"loc":{"start":{"line":55,"column":34},"end":{"line":58,"column":9}},"locations":[{"start":{"line":55,"column":34},"end":{"line":58,"column":9}}]},"10":{"type":"branch","line":58,"loc":{"start":{"line":58,"column":8},"end":{"line":59,"column":26}},"locations":[{"start":{"line":58,"column":8},"end":{"line":59,"column":26}}]},"11":{"type":"branch","line":56,"loc":{"start":{"line":56,"column":80},"end":{"line":57,"column":77}},"locations":[{"start":{"line":56,"column":80},"end":{"line":57,"column":77}}]},"12":{"type":"branch","line":61,"loc":{"start":{"line":61,"column":26},"end":{"line":67,"column":5}},"locations":[{"start":{"line":61,"column":26},"end":{"line":67,"column":5}}]},"13":{"type":"branch","line":70,"loc":{"start":{"line":70,"column":2},"end":{"line":99,"column":3}},"locations":[{"start":{"line":70,"column":2},"end":{"line":99,"column":3}}]},"14":{"type":"branch","line":71,"loc":{"start":{"line":71,"column":37},"end":{"line":73,"column":5}},"locations":[{"start":{"line":71,"column":37},"end":{"line":73,"column":5}}]},"15":{"type":"branch","line":73,"loc":{"start":{"line":73,"column":4},"end":{"line":80,"column":24}},"locations":[{"start":{"line":73,"column":4},"end":{"line":80,"column":24}}]},"16":{"type":"branch","line":80,"loc":{"start":{"line":80,"column":24},"end":{"line":82,"column":5}},"locations":[{"start":{"line":80,"column":24},"end":{"line":82,"column":5}}]},"17":{"type":"branch","line":82,"loc":{"start":{"line":82,"column":4},"end":{"line":83,"column":25}},"locations":[{"start":{"line":82,"column":4},"end":{"line":83,"column":25}}]},"18":{"type":"branch","line":83,"loc":{"start":{"line":83,"column":25},"end":{"line":85,"column":5}},"locations":[{"start":{"line":83,"column":25},"end":{"line":85,"column":5}}]},"19":{"type":"branch","line":85,"loc":{"start":{"line":85,"column":4},"end":{"line":86,"column":34}},"locations":[{"start":{"line":85,"column":4},"end":{"line":86,"column":34}}]},"20":{"type":"branch","line":86,"loc":{"start":{"line":86,"column":34},"end":{"line":88,"column":5}},"locations":[{"start":{"line":86,"column":34},"end":{"line":88,"column":5}}]},"21":{"type":"branch","line":88,"loc":{"start":{"line":88,"column":4},"end":{"line":98,"column":5}},"locations":[{"start":{"line":88,"column":4},"end":{"line":98,"column":5}}]},"22":{"type":"branch","line":105,"loc":{"start":{"line":105,"column":2},"end":{"line":109,"column":6}},"locations":[{"start":{"line":105,"column":2},"end":{"line":109,"column":6}}]},"23":{"type":"branch","line":108,"loc":{"start":{"line":108,"column":43},"end":{"line":108,"column":67}},"locations":[{"start":{"line":108,"column":43},"end":{"line":108,"column":67}}]},"24":{"type":"branch","line":111,"loc":{"start":{"line":111,"column":2},"end":{"line":137,"column":3}},"locations":[{"start":{"line":111,"column":2},"end":{"line":137,"column":3}}]},"25":{"type":"branch","line":116,"loc":{"start":{"line":116,"column":19},"end":{"line":127,"column":54}},"locations":[{"start":{"line":116,"column":19},"end":{"line":127,"column":54}}]},"26":{"type":"branch","line":116,"loc":{"start":{"line":116,"column":19},"end":{"line":125,"column":5}},"locations":[{"start":{"line":116,"column":19},"end":{"line":125,"column":5}}]},"27":{"type":"branch","line":122,"loc":{"start":{"line":122,"column":37},"end":{"line":123,"column":73}},"locations":[{"start":{"line":122,"column":37},"end":{"line":123,"column":73}}]},"28":{"type":"branch","line":123,"loc":{"start":{"line":123,"column":72},"end":{"line":124,"column":14}},"locations":[{"start":{"line":123,"column":72},"end":{"line":124,"column":14}}]},"29":{"type":"branch","line":125,"loc":{"start":{"line":125,"column":4},"end":{"line":127,"column":54}},"locations":[{"start":{"line":125,"column":4},"end":{"line":127,"column":54}}]},"30":{"type":"branch","line":127,"loc":{"start":{"line":127,"column":54},"end":{"line":129,"column":5}},"locations":[{"start":{"line":127,"column":54},"end":{"line":129,"column":5}}]},"31":{"type":"branch","line":129,"loc":{"start":{"line":129,"column":4},"end":{"line":132,"column":55}},"locations":[{"start":{"line":129,"column":4},"end":{"line":132,"column":55}}]},"32":{"type":"branch","line":132,"loc":{"start":{"line":132,"column":55},"end":{"line":136,"column":74}},"locations":[{"start":{"line":132,"column":55},"end":{"line":136,"column":74}}]},"33":{"type":"branch","line":132,"loc":{"start":{"line":132,"column":55},"end":{"line":134,"column":5}},"locations":[{"start":{"line":132,"column":55},"end":{"line":134,"column":5}}]},"34":{"type":"branch","line":134,"loc":{"start":{"line":134,"column":4},"end":{"line":136,"column":74}},"locations":[{"start":{"line":134,"column":4},"end":{"line":136,"column":74}}]},"35":{"type":"branch","line":139,"loc":{"start":{"line":139,"column":2},"end":{"line":147,"column":3}},"locations":[{"start":{"line":139,"column":2},"end":{"line":147,"column":3}}]},"36":{"type":"branch","line":142,"loc":{"start":{"line":142,"column":14},"end":{"line":142,"column":76}},"locations":[{"start":{"line":142,"column":14},"end":{"line":142,"column":76}}]},"37":{"type":"branch","line":143,"loc":{"start":{"line":143,"column":11},"end":{"line":143,"column":25}},"locations":[{"start":{"line":143,"column":11},"end":{"line":143,"column":25}}]},"38":{"type":"branch","line":145,"loc":{"start":{"line":145,"column":18},"end":{"line":145,"column":51}},"locations":[{"start":{"line":145,"column":18},"end":{"line":145,"column":51}}]},"39":{"type":"branch","line":149,"loc":{"start":{"line":149,"column":10},"end":{"line":172,"column":3}},"locations":[{"start":{"line":149,"column":10},"end":{"line":172,"column":3}}]},"40":{"type":"branch","line":159,"loc":{"start":{"line":159,"column":54},"end":{"line":163,"column":5}},"locations":[{"start":{"line":159,"column":54},"end":{"line":163,"column":5}}]},"41":{"type":"branch","line":153,"loc":{"start":{"line":153,"column":54},"end":{"line":153,"column":69}},"locations":[{"start":{"line":153,"column":54},"end":{"line":153,"column":69}}]},"42":{"type":"branch","line":154,"loc":{"start":{"line":154,"column":13},"end":{"line":154,"column":46}},"locations":[{"start":{"line":154,"column":13},"end":{"line":154,"column":46}}]},"43":{"type":"branch","line":155,"loc":{"start":{"line":155,"column":16},"end":{"line":155,"column":48}},"locations":[{"start":{"line":155,"column":16},"end":{"line":155,"column":48}}]}},"b":{"0":[2],"1":[14],"2":[10],"3":[19],"4":[12],"5":[1],"6":[11],"7":[1],"8":[10],"9":[9],"10":[1],"11":[15],"12":[16],"13":[18],"14":[1],"15":[17],"16":[1],"17":[16],"18":[1],"19":[15],"20":[1],"21":[14],"22":[17],"23":[5],"24":[12],"25":[9],"26":[7],"27":[2],"28":[5],"29":[5],"30":[1],"31":[4],"32":[7],"33":[1],"34":[3],"35":[1],"36":[1],"37":[1],"38":[1],"39":[5],"40":[9],"41":[9],"42":[9],"43":[9]},"fnMap":{"0":{"name":"ProtocolCodec","decl":{"start":{"line":34,"column":7},"end":{"line":36,"column":42}},"loc":{"start":{"line":34,"column":7},"end":{"line":36,"column":42}},"line":34},"1":{"name":"compress","decl":{"start":{"line":38,"column":2},"end":{"line":40,"column":3}},"loc":{"start":{"line":38,"column":2},"end":{"line":40,"column":3}},"line":38},"2":{"name":"decompress","decl":{"start":{"line":42,"column":2},"end":{"line":44,"column":3}},"loc":{"start":{"line":42,"column":2},"end":{"line":44,"column":3}},"line":42},"3":{"name":"encodeChunks","decl":{"start":{"line":46,"column":2},"end":{"line":68,"column":3}},"loc":{"start":{"line":46,"column":2},"end":{"line":68,"column":3}},"line":46},"4":{"name":"decodePacket","decl":{"start":{"line":70,"column":2},"end":{"line":99,"column":3}},"loc":{"start":{"line":70,"column":2},"end":{"line":99,"column":3}},"line":70},"5":{"name":"ReassemblyBuffer","decl":{"start":{"line":105,"column":2},"end":{"line":109,"column":6}},"loc":{"start":{"line":105,"column":2},"end":{"line":109,"column":6}},"line":105},"6":{"name":"nowFn","decl":{"start":{"line":108,"column":43},"end":{"line":108,"column":67}},"loc":{"start":{"line":108,"column":43},"end":{"line":108,"column":67}},"line":108},"7":{"name":"addPacket","decl":{"start":{"line":111,"column":2},"end":{"line":137,"column":3}},"loc":{"start":{"line":111,"column":2},"end":{"line":137,"column":3}},"line":111},"8":{"name":"expireStale","decl":{"start":{"line":139,"column":2},"end":{"line":147,"column":3}},"loc":{"start":{"line":139,"column":2},"end":{"line":147,"column":3}},"line":139},"9":{"name":"completeAndRemove","decl":{"start":{"line":149,"column":10},"end":{"line":172,"column":3}},"loc":{"start":{"line":149,"column":10},"end":{"line":172,"column":3}},"line":149}},"f":{"0":14,"1":10,"2":19,"3":12,"4":18,"5":17,"6":5,"7":12,"8":1,"9":5}}
,"/home/runner/work/mesh-data-gateway/mesh-data-gateway/apps/web-client/src/meshtastic/transport.ts": {"path":"/home/runner/work/mesh-data-gateway/mesh-data-gateway/apps/web-client/src/meshtastic/transport.ts","all":false,"statementMap":{"8":{"start":{"line":9,"column":0},"end":{"line":9,"column":57}},"9":{"start":{"line":10,"column":0},"end":{"line":10,"column":40}},"11":{"start":{"line":12,"column":0},"end":{"line":12,"column":34}},"12":{"start":{"line":13,"column":0},"end":{"line":13,"column":28}},"13":{"start":{"line":14,"column":0},"end":{"line":14,"column":3}},"15":{"start":{"line":16,"column":0},"end":{"line":16,"column":49}},"16":{"start":{"line":17,"column":0},"end":{"line":17,"column":55}},"17":{"start":{"line":18,"column":0},"end":{"line":18,"column":3}},"19":{"start":{"line":20,"column":0},"end":{"line":20,"column":43}},"20":{"start":{"line":21,"column":0},"end":{"line":21,"column":31}},"21":{"start":{"line":22,"column":0},"end":{"line":22,"column":3}},"22":{"start":{"line":23,"column":0},"end":{"line":23,"column":1}}},"s":{"8":1,"9":8,"11":1,"12":8,"13":8,"15":1,"16":4,"17":4,"19":1,"20":8,"21":8,"22":1},"branchMap":{"0":{"type":"branch","line":9,"loc":{"start":{"line":9,"column":7},"end":{"line":10,"column":40}},"locations":[{"start":{"line":9,"column":7},"end":{"line":10,"column":40}}]},"1":{"type":"branch","line":12,"loc":{"start":{"line":12,"column":2},"end":{"line":14,"column":3}},"locations":[{"start":{"line":12,"column":2},"end":{"line":14,"column":3}}]},"2":{"type":"branch","line":16,"loc":{"start":{"line":16,"column":2},"end":{"line":18,"column":3}},"locations":[{"start":{"line":16,"column":2},"end":{"line":18,"column":3}}]},"3":{"type":"branch","line":17,"loc":{"start":{"line":17,"column":26},"end":{"line":17,"column":54}},"locations":[{"start":{"line":17,"column":26},"end":{"line":17,"column":54}}]},"4":{"type":"branch","line":20,"loc":{"start":{"line":20,"column":2},"end":{"line":22,"column":3}},"locations":[{"start":{"line":20,"column":2},"end":{"line":22,"column":3}}]}},"b":{"0":[8],"1":[8],"2":[4],"3":[4],"4":[8]},"fnMap":{"0":{"name":"LoopbackTransport","decl":{"start":{"line":9,"column":7},"end":{"line":10,"column":40}},"loc":{"start":{"line":9,"column":7},"end":{"line":10,"column":40}},"line":9},"1":{"name":"connect","decl":{"start":{"line":12,"column":2},"end":{"line":14,"column":3}},"loc":{"start":{"line":12,"column":2},"end":{"line":14,"column":3}},"line":12},"2":{"name":"send","decl":{"start":{"line":16,"column":2},"end":{"line":18,"column":3}},"loc":{"start":{"line":16,"column":2},"end":{"line":18,"column":3}},"line":16},"3":{"name":"subscribe","decl":{"start":{"line":20,"column":2},"end":{"line":22,"column":3}},"loc":{"start":{"line":20,"column":2},"end":{"line":22,"column":3}},"line":20}},"f":{"0":8,"1":8,"2":4,"3":8}}
}
